<?xml version="1.0" encoding="UTF-8"?>
<!-- Generated by org.testng.reporters.JUnitReportReporter -->
<testsuite hostname="DESKTOP-IKE1JD6" failures="0" tests="3" name="com.crm.qa.testcases.HomePageTest" time="40.135" errors="0" timestamp="2022-11-13T15:35:22 EST" skipped="0">
  <testcase classname="com.crm.qa.testcases.HomePageTest" name="verifyHomePageTitleTest" time="11.404"/>
  <system-out/>
  <testcase classname="com.crm.qa.testcases.HomePageTest" name="verifyUserNameLabelTest" time="15.606"/>
  <system-out/>
  <testcase classname="com.crm.qa.testcases.HomePageTest" name="verifyContactsLinkTest" time="13.125"/>
  <system-out/>
</testsuite> <!-- com.crm.qa.testcases.HomePageTest -->
