<?xml version="1.0" encoding="UTF-8"?>
<!-- Generated by org.testng.reporters.JUnitReportReporter -->
<testsuite hostname="DESKTOP-IKE1JD6" failures="0" tests="2" name="com.crm.qa.testcases.LoginPageTest" time="26.840" errors="0" timestamp="2022-11-13T18:18:11 EST" skipped="0">
  <testcase classname="com.crm.qa.testcases.LoginPageTest" name="loginPageTitleTest" time="11.305"/>
  <system-out/>
  <testcase classname="com.crm.qa.testcases.LoginPageTest" name="loginTest" time="15.535"/>
  <system-out/>
</testsuite> <!-- com.crm.qa.testcases.LoginPageTest -->
